Unity Editor version:    2020.3.27f1 (e759542391ea)
Branch:                  2020.3/release
Build type:              Release
Batch mode:              YES
macOS version:           Version 11.2.1 (Build 20D74)
Darwin version:          20.3.0
Architecture:            x86_64
Running under Rosetta:   NO
Available memory:        16384 MB
Using pre-set license
Pro License: NO

COMMAND LINE ARGUMENTS:
/Users/game5/Downloads/2020.3.27f1/Unity.app/Contents/MacOS/Unity
-adb2
-batchMode
-noUpm
-name
AssetImportWorker0
-projectPath
/Users/game5/Prototype 3 Mini Challenges
-logFile
Logs/AssetImportWorker0.log
-srvPort
49837
Successfully changed project path to: /Users/game5/Prototype 3 Mini Challenges
/Users/game5/Prototype 3 Mini Challenges
Using Asset Import Pipeline V2.
Refreshing native plugins compatible for Editor in 24.87 ms, found 2 plugins.
Preloading 0 native plugins for Editor in 0.00 ms.
Initialize engine version: 2020.3.27f1 (e759542391ea)
[Subsystems] Discovering subsystems at path /Users/game5/Downloads/2020.3.27f1/Unity.app/Contents/Resources/UnitySubsystems
[Subsystems] Discovering subsystems at path /Users/game5/Prototype 3 Mini Challenges/Assets
GfxDevice: creating device client; threaded=0
2023-04-17 14:04:22.050 Unity[2047:34432] iMac preferred device: AMD Radeon Pro 5500 XT (high power)
2023-04-17 14:04:22.050 Unity[2047:34432] Metal devices available: 1
2023-04-17 14:04:22.051 Unity[2047:34432] 0: AMD Radeon Pro 5500 XT (high power)
2023-04-17 14:04:22.051 Unity[2047:34432] Using device AMD Radeon Pro 5500 XT (high power)
Initializing Metal device caps: AMD Radeon Pro 5500 XT
Initialize mono
Mono path[0] = '/Users/game5/Downloads/2020.3.27f1/Unity.app/Contents/Managed'
Mono path[1] = '/Users/game5/Downloads/2020.3.27f1/Unity.app/Contents/MonoBleedingEdge/lib/mono/unityjit'
Mono config path = '/Users/game5/Downloads/2020.3.27f1/Unity.app/Contents/MonoBleedingEdge/etc'
Using monoOptions --debugger-agent=transport=dt_socket,embedding=1,server=y,suspend=n,address=127.0.0.1:56047
Begin MonoManager ReloadAssembly
Registering precompiled unity dll's ...
Register platform support module: /Users/game5/Downloads/2020.3.27f1/Unity.app/Contents/PlaybackEngines/MacStandaloneSupport/UnityEditor.OSXStandalone.Extensions.dll
Registered in 0.000444 seconds.
Native extension for OSXStandalone target not found
Refreshing native plugins compatible for Editor in 23.74 ms, found 2 plugins.
Preloading 0 native plugins for Editor in 0.00 ms.
Mono: successfully reloaded assembly
- Completed reload, in  0.511 seconds
Domain Reload Profiling:
	ReloadAssembly (511ms)
		BeginReloadAssembly (37ms)
			ExecutionOrderSort (0ms)
			DisableScriptedObjects (0ms)
			BackupInstance (0ms)
			ReleaseScriptingObjects (0ms)
			CreateAndSetChildDomain (1ms)
		EndReloadAssembly (410ms)
			LoadAssemblies (36ms)
			RebuildTransferFunctionScriptingTraits (0ms)
			SetupTypeCache (156ms)
			ReleaseScriptCaches (0ms)
			RebuildScriptCaches (33ms)
			SetupLoadedEditorAssemblies (149ms)
				LogAssemblyErrors (0ms)
				InitializePlatformSupportModulesInManaged (4ms)
				SetLoadedEditorAssemblies (0ms)
				RefreshPlugins (24ms)
				BeforeProcessingInitializeOnLoad (7ms)
				ProcessInitializeOnLoadAttributes (89ms)
				ProcessInitializeOnLoadMethodAttributes (25ms)
				AfterProcessingInitializeOnLoad (0ms)
				EditorAssembliesLoaded (0ms)
			ExecutionOrderSort2 (0ms)
			AwakeInstancesAfterBackupRestoration (0ms)
Platform modules already initialized, skipping
Registering precompiled user dll's ...
Registered in 0.001576 seconds.
Begin MonoManager ReloadAssembly
Native extension for OSXStandalone target not found
Refreshing native plugins compatible for Editor in 0.29 ms, found 2 plugins.
Preloading 0 native plugins for Editor in 0.00 ms.
Mono: successfully reloaded assembly
- Completed reload, in  0.903 seconds
Domain Reload Profiling:
	ReloadAssembly (903ms)
		BeginReloadAssembly (133ms)
			ExecutionOrderSort (0ms)
			DisableScriptedObjects (4ms)
			BackupInstance (0ms)
			ReleaseScriptingObjects (0ms)
			CreateAndSetChildDomain (25ms)
		EndReloadAssembly (716ms)
			LoadAssemblies (62ms)
			RebuildTransferFunctionScriptingTraits (0ms)
			SetupTypeCache (279ms)
			ReleaseScriptCaches (0ms)
			RebuildScriptCaches (43ms)
			SetupLoadedEditorAssemblies (238ms)
				LogAssemblyErrors (0ms)
				InitializePlatformSupportModulesInManaged (3ms)
				SetLoadedEditorAssemblies (0ms)
				RefreshPlugins (0ms)
				BeforeProcessingInitializeOnLoad (39ms)
				ProcessInitializeOnLoadAttributes (186ms)
				ProcessInitializeOnLoadMethodAttributes (8ms)
				AfterProcessingInitializeOnLoad (1ms)
				EditorAssembliesLoaded (0ms)
			ExecutionOrderSort2 (0ms)
			AwakeInstancesAfterBackupRestoration (6ms)
Platform modules already initialized, skipping
Validating Project structure ... 0.001759 seconds.
Shader import version has changed; will reimport all shaders...
Upgrading shader files ...0.001907 seconds.
Application.AssetDatabase Initial Script Refresh Start
RefreshInfo: InitialScriptRefreshV2(NoUpdateAssetOptions) scanfilter:  ... 1 filters
RefreshProfiler: Total: 0.000ms
Application.AssetDatabase Initial Script Refresh End
Application.AssetDatabase.Refresh Start
Application.AssetDatabase.Refresh End
RefreshInfo: StopAssetImportingV2(ForceSynchronousImport) scanfilter: 
RefreshProfiler: Total: 0.000ms
Launching external process: /Users/game5/Downloads/2020.3.27f1/Unity.app/Contents/Tools/UnityShaderCompiler
Launched and connected shader compiler UnityShaderCompiler after 0.01 seconds
Initializing Unity extensions:
========================================================================
Worker process is ready to serve import requests
Refreshing native plugins compatible for Editor in 0.24 ms, found 2 plugins.
Preloading 0 native plugins for Editor in 0.00 ms.
Unloading 1509 Unused Serialized files (Serialized files now loaded: 0)
System memory in use before: 177.5 MB.
System memory in use after: 176.6 MB.

Unloading 84 unused Assets to reduce memory usage. Loaded Objects now: 1980.
Total: 2.507609 ms (FindLiveObjects: 0.108132 ms CreateObjectMapping: 0.040707 ms MarkObjects: 1.980759 ms  DeleteObjects: 0.377434 ms)

AssetImportParameters requested are different than current active one (requested -> active):
  custom:video-decoder-ogg-theora: a1e56fd34408186e4bbccfd4996cb3dc -> 
  custom:container-muxer-webm: aa71ff27fc2769a1b78a27578f13a17b -> 
  custom:container-demuxer-webm: 4f35f7cbe854078d1ac9338744f61a02 -> 
  custom:container-demuxer-ogg: 62fdf1f143b41e24485cea50d1cbac27 -> 
  custom:video-encoder-webm-vp8: eb34c28f22e8b96e1ab97ce403110664 -> 
  custom:framework-osx-AVFoundation: e770b220cccbd017edd2c1fefb359320 -> 
  custom:video-decoder-webm-vp8: 9c59270c3fd7afecdb556c50c9e8de78 -> 
  custom:audio-decoder-ogg-vorbis: bf7c407c2cedff20999df2af8eb42d56 -> 
  custom:audio-encoder-webm-vorbis: bf7c407c2cedff20999df2af8eb42d56 -> 
========================================================================
Received Import Request.
  path: Assets/Scenes/Prototype 3.unity
  artifactKey: Guid(dc8c9f3efd746429fa6f9482dc779492) Importer(815301076,1909f56bfc062723c751e8b465ee728b)
Start importing Assets/Scenes/Prototype 3.unity using Guid(dc8c9f3efd746429fa6f9482dc779492) Importer(815301076,1909f56bfc062723c751e8b465ee728b)  -> (artifact id: '861f55cfd9b4ee0a15867621649bc6a8') in 0.008282 seconds 
  Import took 0.010061 seconds .

========================================================================
Received Import Request.
  Time since last request: 0.000139 seconds.
  path: Assets/Prefabs/Obstacle.prefab
  artifactKey: Guid(e79e6a06dd0b3a7409511e91fe7939d4) Importer(815301076,1909f56bfc062723c751e8b465ee728b)
Start importing Assets/Prefabs/Obstacle.prefab using Guid(e79e6a06dd0b3a7409511e91fe7939d4) Importer(815301076,1909f56bfc062723c751e8b465ee728b)  -> (artifact id: 'f006368e2897cc017edf5c5985c83cd8') in 1.054021 seconds 
  Import took 1.057903 seconds .

========================================================================
Received Import Request.
  Time since last request: 596.429062 seconds.
  path: Assets/Course Library/Obstacles
  artifactKey: Guid(ddb4cb5c4f2814abf8d7bd997ea808c2) Importer(815301076,1909f56bfc062723c751e8b465ee728b)
Start importing Assets/Course Library/Obstacles using Guid(ddb4cb5c4f2814abf8d7bd997ea808c2) Importer(815301076,1909f56bfc062723c751e8b465ee728b)  -> (artifact id: '09b701399b5a931feab000b2d9bee40e') in 0.000741 seconds 
  Import took 0.002654 seconds .

========================================================================
Received Import Request.
  Time since last request: 0.118091 seconds.
  path: Assets/Course Library/Obstacles/Barrel_01.prefab
  artifactKey: Guid(95927758d3a4cef4ba6c4318f06876fd) Importer(815301076,1909f56bfc062723c751e8b465ee728b)
Start importing Assets/Course Library/Obstacles/Barrel_01.prefab using Guid(95927758d3a4cef4ba6c4318f06876fd) Importer(815301076,1909f56bfc062723c751e8b465ee728b)  -> (artifact id: '31e09006240eb82a591482b6830229cc') in 0.010446 seconds 
  Import took 0.012668 seconds .

========================================================================
Received Import Request.
  Time since last request: 0.000127 seconds.
  path: Assets/Course Library/Obstacles/Prop_Spool_02.prefab
  artifactKey: Guid(3daef342e8f3f9548b04424eac7d4d0d) Importer(815301076,1909f56bfc062723c751e8b465ee728b)
Start importing Assets/Course Library/Obstacles/Prop_Spool_02.prefab using Guid(3daef342e8f3f9548b04424eac7d4d0d) Importer(815301076,1909f56bfc062723c751e8b465ee728b)  -> (artifact id: 'c387db6951fb1403a241b5c332092386') in 0.008082 seconds 
  Import took 0.009960 seconds .

========================================================================
Received Import Request.
  Time since last request: 0.000122 seconds.
  path: Assets/Course Library/Obstacles/Prop_Barrier02.prefab
  artifactKey: Guid(367149bd17c4d4d4e8868ec6a5cf8d45) Importer(815301076,1909f56bfc062723c751e8b465ee728b)
Start importing Assets/Course Library/Obstacles/Prop_Barrier02.prefab using Guid(367149bd17c4d4d4e8868ec6a5cf8d45) Importer(815301076,1909f56bfc062723c751e8b465ee728b)  -> (artifact id: '157dbfa54cf2675464fced78da608e61') in 0.097051 seconds 
  Import took 0.098925 seconds .

========================================================================
Received Import Request.
  Time since last request: 0.000135 seconds.
  path: Assets/Course Library/Obstacles/SM_Rock_Boulder_01.prefab
  artifactKey: Guid(67f65851906354cb1a22458d5b82e2e7) Importer(815301076,1909f56bfc062723c751e8b465ee728b)
Start importing Assets/Course Library/Obstacles/SM_Rock_Boulder_01.prefab using Guid(67f65851906354cb1a22458d5b82e2e7) Importer(815301076,1909f56bfc062723c751e8b465ee728b)  -> (artifact id: '92ef47f357b7ca70b347109d8ccaf12e') in 0.090222 seconds 
  Import took 0.092090 seconds .

========================================================================
Received Import Request.
  Time since last request: 0.000135 seconds.
  path: Assets/Course Library/Obstacles/Prop_Barrier03.prefab
  artifactKey: Guid(84a102c1bf03d0a43bd4b342185c2811) Importer(815301076,1909f56bfc062723c751e8b465ee728b)
Start importing Assets/Course Library/Obstacles/Prop_Barrier03.prefab using Guid(84a102c1bf03d0a43bd4b342185c2811) Importer(815301076,1909f56bfc062723c751e8b465ee728b)  -> (artifact id: 'ebb5267af6b7e2dd3de8024607ff12e7') in 0.006104 seconds 
  Import took 0.008149 seconds .

========================================================================
Received Import Request.
  Time since last request: 0.000153 seconds.
  path: Assets/Course Library/Obstacles/SM_Tree_Log_02.prefab
  artifactKey: Guid(46f7a45a1134d4bddb8b360f91890f65) Importer(815301076,1909f56bfc062723c751e8b465ee728b)
Start importing Assets/Course Library/Obstacles/SM_Tree_Log_02.prefab using Guid(46f7a45a1134d4bddb8b360f91890f65) Importer(815301076,1909f56bfc062723c751e8b465ee728b)  -> (artifact id: '13943f1b519db16f13c8a845e38a8224') in 0.005759 seconds 
  Import took 0.007867 seconds .

========================================================================
Received Import Request.
  Time since last request: 0.000164 seconds.
  path: Assets/Course Library/Obstacles/SM_Prop_StoneWall_01.prefab
  artifactKey: Guid(7a41aabd03a534a249c63d60bbce20b6) Importer(815301076,1909f56bfc062723c751e8b465ee728b)
Start importing Assets/Course Library/Obstacles/SM_Prop_StoneWall_01.prefab using Guid(7a41aabd03a534a249c63d60bbce20b6) Importer(815301076,1909f56bfc062723c751e8b465ee728b)  -> (artifact id: '0e900bca5b5fa77b179e8f39ddcac543') in 0.006256 seconds 
  Import took 0.008280 seconds .

========================================================================
Received Import Request.
  Time since last request: 0.000138 seconds.
  path: Assets/Course Library/Obstacles/Prop_Barrier01.prefab
  artifactKey: Guid(ee7d0c4ddd804dd4e95f705d43c9135e) Importer(815301076,1909f56bfc062723c751e8b465ee728b)
Start importing Assets/Course Library/Obstacles/Prop_Barrier01.prefab using Guid(ee7d0c4ddd804dd4e95f705d43c9135e) Importer(815301076,1909f56bfc062723c751e8b465ee728b)  -> (artifact id: 'ab4ab0b5f616179d12ec323949996496') in 0.005578 seconds 
  Import took 0.007578 seconds .

========================================================================
Received Import Request.
  Time since last request: 0.000157 seconds.
  path: Assets/Course Library/Obstacles/Barrel_02.prefab
  artifactKey: Guid(cb04eea70ee14ab49b68d12e2cbbf680) Importer(815301076,1909f56bfc062723c751e8b465ee728b)
Start importing Assets/Course Library/Obstacles/Barrel_02.prefab using Guid(cb04eea70ee14ab49b68d12e2cbbf680) Importer(815301076,1909f56bfc062723c751e8b465ee728b)  -> (artifact id: '9dd2c4fa1965b1ebb9fbfca88d3c4060') in 0.009030 seconds 
  Import took 0.011161 seconds .

========================================================================
Received Import Request.
  Time since last request: 0.000264 seconds.
  path: Assets/Course Library/Obstacles/Crate_01.prefab
  artifactKey: Guid(71782582b9d2cac4cba5251a3b767d13) Importer(815301076,1909f56bfc062723c751e8b465ee728b)
Start importing Assets/Course Library/Obstacles/Crate_01.prefab using Guid(71782582b9d2cac4cba5251a3b767d13) Importer(815301076,1909f56bfc062723c751e8b465ee728b)  -> (artifact id: '0af4ebc9cf18ddd4db18605806001479') in 0.010941 seconds 
  Import took 0.013501 seconds .

========================================================================
Received Import Request.
  Time since last request: 64.515555 seconds.
  path: Assets/Prefabs/Barrel.prefab
  artifactKey: Guid(42272121acbbb4b0f936a795fadd55ac) Importer(815301076,1909f56bfc062723c751e8b465ee728b)
Start importing Assets/Prefabs/Barrel.prefab using Guid(42272121acbbb4b0f936a795fadd55ac) Importer(815301076,1909f56bfc062723c751e8b465ee728b)  -> (artifact id: 'fab2ba4c273e5d63668c4726945d0148') in 0.011589 seconds 
  Import took 0.013713 seconds .

========================================================================
Received Import Request.
  Time since last request: 21.187088 seconds.
  path: Assets/Prefabs/Barrel.prefab
  artifactKey: Guid(42272121acbbb4b0f936a795fadd55ac) Importer(815301076,1909f56bfc062723c751e8b465ee728b)
Start importing Assets/Prefabs/Barrel.prefab using Guid(42272121acbbb4b0f936a795fadd55ac) Importer(815301076,1909f56bfc062723c751e8b465ee728b)  -> (artifact id: 'fe463711e12fd914341e795255f8f40e') in 0.009429 seconds 
  Import took 0.011742 seconds .

========================================================================
Received Import Request.
  Time since last request: 14.406136 seconds.
  path: Assets/Prefabs/Barrel.prefab
  artifactKey: Guid(42272121acbbb4b0f936a795fadd55ac) Importer(815301076,1909f56bfc062723c751e8b465ee728b)
Start importing Assets/Prefabs/Barrel.prefab using Guid(42272121acbbb4b0f936a795fadd55ac) Importer(815301076,1909f56bfc062723c751e8b465ee728b)  -> (artifact id: 'a045664ec2699ff48edf23f7d3072103') in 0.009438 seconds 
  Import took 0.011803 seconds .

========================================================================
Received Import Request.
  Time since last request: 3.408192 seconds.
  path: Assets/Prefabs/Barrel.prefab
  artifactKey: Guid(42272121acbbb4b0f936a795fadd55ac) Importer(815301076,1909f56bfc062723c751e8b465ee728b)
Start importing Assets/Prefabs/Barrel.prefab using Guid(42272121acbbb4b0f936a795fadd55ac) Importer(815301076,1909f56bfc062723c751e8b465ee728b)  -> (artifact id: '6af60da578f2520ea34f50671fb4e5c4') in 0.010000 seconds 
  Import took 0.012189 seconds .

========================================================================
Received Import Request.
  Time since last request: 42.712320 seconds.
  path: Assets/Prefabs/Barrel.prefab
  artifactKey: Guid(42272121acbbb4b0f936a795fadd55ac) Importer(815301076,1909f56bfc062723c751e8b465ee728b)
Start importing Assets/Prefabs/Barrel.prefab using Guid(42272121acbbb4b0f936a795fadd55ac) Importer(815301076,1909f56bfc062723c751e8b465ee728b)  -> (artifact id: 'e75034e1043ba1aa42180aecd44c538b') in 0.009303 seconds 
  Import took 0.011486 seconds .

========================================================================
Received Import Request.
  Time since last request: 10.975107 seconds.
  path: Assets/Prefabs/Barrel.prefab
  artifactKey: Guid(42272121acbbb4b0f936a795fadd55ac) Importer(815301076,1909f56bfc062723c751e8b465ee728b)
Start importing Assets/Prefabs/Barrel.prefab using Guid(42272121acbbb4b0f936a795fadd55ac) Importer(815301076,1909f56bfc062723c751e8b465ee728b)  -> (artifact id: '5dd41d47651b2bec59d10cfd2bcf0aee') in 0.009331 seconds 
  Import took 0.011827 seconds .

========================================================================
Received Import Request.
  Time since last request: 3.322886 seconds.
  path: Assets/Prefabs/Barrel.prefab
  artifactKey: Guid(42272121acbbb4b0f936a795fadd55ac) Importer(815301076,1909f56bfc062723c751e8b465ee728b)
Start importing Assets/Prefabs/Barrel.prefab using Guid(42272121acbbb4b0f936a795fadd55ac) Importer(815301076,1909f56bfc062723c751e8b465ee728b)  -> (artifact id: '8c8c1639f39ffcfa0b122cea45e140d4') in 0.009491 seconds 
  Import took 0.011747 seconds .

